<?xml version="1.0" encoding="UTF-8"?>
<!-- Generated by org.testng.reporters.JUnitXMLReporter -->
<testsuite ignored="1" hostname="PANZURAD132G41X" failures="0" tests="1" name="Default test" time="21.888" errors="0" timestamp="2024-04-22T16:21:47 CST">
  <testcase classname="tests.TestCases" name="searchGithubAccount" time="20.206"/>
  <testcase classname="tests.TestCases" name="verifyElementHeaderIsPresentInMainPage" time="0.0">
    <ignored/>
  </testcase> <!-- verifyElementHeaderIsPresentInMainPage -->
</testsuite> <!-- Default test -->
