<?xml version="1.0" encoding="UTF-8"?>
<testng-results ignored="1" total="2" passed="1" failed="0" skipped="0">
  <reporter-output>
  </reporter-output>
  <suite started-at="2024-04-22T16:21:25 CST" name="Default suite" finished-at="2024-04-22T16:21:47 CST" duration-ms="21888">
    <groups>
    </groups>
    <test started-at="2024-04-22T16:21:25 CST" name="Default test" finished-at="2024-04-22T16:21:47 CST" duration-ms="21888">
      <class name="tests.TestCases">
        <test-method is-config="true" signature="setUp()[pri:0, instance:tests.TestCases@3c419631]" started-at="2024-04-22T16:21:25 CST" name="setUp" finished-at="2024-04-22T16:21:27 CST" duration-ms="1651" status="PASS">
          <reporter-output>
          </reporter-output>
        </test-method> <!-- setUp -->
        <test-method signature="searchGithubAccount()[pri:0, instance:tests.TestCases@3c419631]" started-at="2024-04-22T16:21:27 CST" name="searchGithubAccount" finished-at="2024-04-22T16:21:47 CST" duration-ms="20206" status="PASS">
          <reporter-output>
          </reporter-output>
        </test-method> <!-- searchGithubAccount -->
        <test-method is-config="true" signature="close()[pri:0, instance:tests.TestCases@3c419631]" started-at="2024-04-22T16:21:47 CST" name="close" finished-at="2024-04-22T16:21:47 CST" duration-ms="0" status="PASS">
          <reporter-output>
          </reporter-output>
        </test-method> <!-- close -->
      </class> <!-- tests.TestCases -->
    </test> <!-- Default test -->
  </suite> <!-- Default suite -->
</testng-results>
